<?xml version="1.0" encoding="UTF-8"?>
<testsuite xmlns:xsi="http://www.w3.org/2001/XMLSchema-instance" xsi:noNamespaceSchemaLocation="https://maven.apache.org/surefire/maven-surefire-plugin/xsd/surefire-test-report.xsd" name="com.product.dao.ProductInfoDaoTest" time="6.876" tests="2" errors="0" skipped="0" failures="0">
  <properties>
[...]
</properties>
  <testcase name="getByProductId" classname="com.product.dao.ProductInfoDaoTest" time="0.482"/>
  <testcase name="updateProduct" classname="com.product.dao.ProductInfoDaoTest" time="0"/>
</testsuite>